<?xml version="1.0" encoding="UTF-8"?>
<testng-results skipped="0" failed="0" ignored="0" total="5" passed="5">
  <reporter-output>
  </reporter-output>
  <suite name="AirportTest" duration-ms="27" started-at="2021-03-30T14:42:00 EDT" finished-at="2021-03-30T14:42:00 EDT">
    <groups>
    </groups>
    <test name="Command line test" duration-ms="27" started-at="2021-03-30T14:42:00 EDT" finished-at="2021-03-30T14:42:00 EDT">
      <class name="AirportTest">
        <test-method status="PASS" signature="testExperimentalPlanesHasClassificationLevelHigherThanUnclassified()[pri:0, instance:AirportTest@15975490]" name="testExperimentalPlanesHasClassificationLevelHigherThanUnclassified" duration-ms="7" started-at="2021-03-30T14:42:00 EDT" finished-at="2021-03-30T14:42:00 EDT">
          <reporter-output>
          </reporter-output>
        </test-method> <!-- testExperimentalPlanesHasClassificationLevelHigherThanUnclassified -->
        <test-method status="PASS" signature="testGetTransportMilitaryPlanes()[pri:0, instance:AirportTest@15975490]" name="testGetTransportMilitaryPlanes" duration-ms="0" started-at="2021-03-30T14:42:00 EDT" finished-at="2021-03-30T14:42:00 EDT">
          <reporter-output>
          </reporter-output>
        </test-method> <!-- testGetTransportMilitaryPlanes -->
        <test-method status="PASS" signature="testHasAtLeastOneBomberInMilitaryPlanes()[pri:0, instance:AirportTest@15975490]" name="testHasAtLeastOneBomberInMilitaryPlanes" duration-ms="0" started-at="2021-03-30T14:42:00 EDT" finished-at="2021-03-30T14:42:00 EDT">
          <reporter-output>
          </reporter-output>
        </test-method> <!-- testHasAtLeastOneBomberInMilitaryPlanes -->
        <test-method status="PASS" signature="testGetPassengerPlaneWithMaxCapacity()[pri:0, instance:AirportTest@15975490]" name="testGetPassengerPlaneWithMaxCapacity" duration-ms="0" started-at="2021-03-30T14:42:00 EDT" finished-at="2021-03-30T14:42:00 EDT">
          <reporter-output>
          </reporter-output>
        </test-method> <!-- testGetPassengerPlaneWithMaxCapacity -->
        <test-method status="PASS" signature="testSortPlanesByMaxLoadCapacity()[pri:0, instance:AirportTest@15975490]" name="testSortPlanesByMaxLoadCapacity" duration-ms="0" started-at="2021-03-30T14:42:00 EDT" finished-at="2021-03-30T14:42:00 EDT">
          <reporter-output>
          </reporter-output>
        </test-method> <!-- testSortPlanesByMaxLoadCapacity -->
      </class> <!-- AirportTest -->
    </test> <!-- Command line test -->
  </suite> <!-- AirportTest -->
</testng-results>
