<?xml version="1.0" encoding="UTF-8"?>
<!-- Generated by org.testng.reporters.JUnitXMLReporter -->
<testsuite hostname="Pavels-MBP.home" ignored="0" tests="5" failures="0" timestamp="2021-03-30T14:42:00 EDT" time="0.027" errors="0">
  <testcase name="testExperimentalPlanesHasClassificationLevelHigherThanUnclassified" time="0.007" classname="AirportTest"/>
  <testcase name="testGetPassengerPlaneWithMaxCapacity" time="0.0" classname="AirportTest"/>
  <testcase name="testGetTransportMilitaryPlanes" time="0.0" classname="AirportTest"/>
  <testcase name="testHasAtLeastOneBomberInMilitaryPlanes" time="0.0" classname="AirportTest"/>
  <testcase name="testSortPlanesByMaxLoadCapacity" time="0.0" classname="AirportTest"/>
</testsuite>
